[debug] [2021-04-26T22:02:49.657Z] ----------------------------------------------------------------------
[debug] [2021-04-26T22:02:49.658Z] Command:       D:\Server Side\node.exe D:\Server Side\node_modules\firebase-tools\lib\bin\firebase.js serve
[debug] [2021-04-26T22:02:49.659Z] CLI Version:   9.10.0
[debug] [2021-04-26T22:02:49.659Z] Platform:      win32
[debug] [2021-04-26T22:02:49.659Z] Node Version:  v12.18.3
[debug] [2021-04-26T22:02:49.660Z] Time:          Mon Apr 26 2021 17:02:49 GMT-0500 (Central Daylight Time)
[debug] [2021-04-26T22:02:49.660Z] ----------------------------------------------------------------------
[debug] 
[debug] [2021-04-26T22:02:49.671Z] > command requires scopes: ["email","openid","https://www.googleapis.com/auth/cloudplatformprojects.readonly","https://www.googleapis.com/auth/firebase","https://www.googleapis.com/auth/cloud-platform"]
[debug] [2021-04-26T22:02:49.671Z] > authorizing via signed-in user (bh41@students.uwf.edu)
[debug] [2021-04-26T22:02:49.671Z] [iam] checking project asclepius-client-side for permissions ["firebase.projects.get"]
[debug] [2021-04-26T22:02:49.673Z] >>> HTTP REQUEST POST https://cloudresourcemanager.googleapis.com/v1/projects/asclepius-client-side:testIamPermissions  
 {"permissions":["firebase.projects.get"]}
[debug] [2021-04-26T22:02:49.869Z] <<< HTTP RESPONSE 200 {"content-type":"application/json; charset=UTF-8","vary":"X-Origin, Referer, Origin,Accept-Encoding","date":"Mon, 26 Apr 2021 22:02:47 GMT","server":"ESF","cache-control":"private","x-xss-protection":"0","x-frame-options":"SAMEORIGIN","x-content-type-options":"nosniff","server-timing":"gfet4t7; dur=34","alt-svc":"h3-29=\":443\"; ma=2592000,h3-T051=\":443\"; ma=2592000,h3-Q050=\":443\"; ma=2592000,h3-Q046=\":443\"; ma=2592000,h3-Q043=\":443\"; ma=2592000,quic=\":443\"; ma=2592000; v=\"46,43\"","accept-ranges":"none","transfer-encoding":"chunked"}
[debug] [2021-04-26T22:02:49.871Z] > refreshing access token with scopes: []
[debug] [2021-04-26T22:02:49.871Z] >>> HTTP REQUEST POST https://www.googleapis.com/oauth2/v3/token  
 <request body omitted>
[debug] [2021-04-26T22:02:50.080Z] <<< HTTP RESPONSE 200 {"expires":"Mon, 01 Jan 1990 00:00:00 GMT","pragma":"no-cache","cache-control":"no-cache, no-store, max-age=0, must-revalidate","date":"Mon, 26 Apr 2021 22:02:48 GMT","content-type":"application/json; charset=utf-8","vary":"X-Origin, Referer, Origin,Accept-Encoding","server":"scaffolding on HTTPServer2","x-xss-protection":"0","x-frame-options":"SAMEORIGIN","x-content-type-options":"nosniff","alt-svc":"h3-29=\":443\"; ma=2592000,h3-T051=\":443\"; ma=2592000,h3-Q050=\":443\"; ma=2592000,h3-Q046=\":443\"; ma=2592000,h3-Q043=\":443\"; ma=2592000,quic=\":443\"; ma=2592000; v=\"46,43\"","accept-ranges":"none","transfer-encoding":"chunked"}
[debug] [2021-04-26T22:02:50.090Z] >>> [apiv2][query] GET https://firebase.googleapis.com/v1beta1/projects/asclepius-client-side [none]
[debug] [2021-04-26T22:02:50.342Z] <<< [apiv2][status] GET https://firebase.googleapis.com/v1beta1/projects/asclepius-client-side 200
[debug] [2021-04-26T22:02:50.342Z] <<< [apiv2][body] GET https://firebase.googleapis.com/v1beta1/projects/asclepius-client-side {"projectId":"asclepius-client-side","projectNumber":"907252344372","displayName":"asclepius-client-side","name":"projects/asclepius-client-side","resources":{"hostingSite":"asclepius-client-side","realtimeDatabaseInstance":"asclepius-client-side-default-rtdb","storageBucket":"asclepius-client-side.appspot.com","locationId":"us-central"},"state":"ACTIVE"}
[info] 
[info] === Serving from 'D:\Client Side\Repos\project-Brittany-Hill\asclepius'...
[info] 
[debug] [2021-04-26T22:02:50.345Z] >>> [apiv2][query] GET https://firebase.googleapis.com/v1beta1/projects/asclepius-client-side/webApps/-/config [none]
[debug] [2021-04-26T22:02:50.756Z] <<< [apiv2][status] GET https://firebase.googleapis.com/v1beta1/projects/asclepius-client-side/webApps/-/config 200
[debug] [2021-04-26T22:02:50.756Z] <<< [apiv2][body] GET https://firebase.googleapis.com/v1beta1/projects/asclepius-client-side/webApps/-/config {"projectId":"asclepius-client-side","appId":"1:907252344372:web:1072305c212f4f5d7f4c61","databaseURL":"https://asclepius-client-side-default-rtdb.firebaseio.com","storageBucket":"asclepius-client-side.appspot.com","locationId":"us-central","apiKey":"AIzaSyAPE76mAQSMOjnhnHmhQ_o3PcoJ7wa2m1g","authDomain":"asclepius-client-side.firebaseapp.com","messagingSenderId":"907252344372"}
[info] i  hosting: Serving hosting files from: dist/asclepius {"metadata":{"emulator":{"name":"hosting"},"message":"Serving hosting files from: \u001b[1mdist/asclepius\u001b[22m"}}
[info] +  hosting: Local server: http://localhost:5000 {"metadata":{"emulator":{"name":"hosting"},"message":"Local server: \u001b[4m\u001b[1mhttp://localhost:5000\u001b[22m\u001b[24m"}}
